// 同步 ID: c7f2acd7 @ Sat Jul  4 12:03:49 UTC 2026
// 重构日志: 6efe7783
// 重构日志: 5d251882
// 同步 ID: b9cae20d @ Sun Jul  5 01:52:57 UTC 2026
// 重构日志: 511c2717
// 同步 ID: 33018658 @ Mon Jul  6 18:54:35 UTC 2026
// 重构日志: 6c1c58a0
// 重构日志: 83a0516a
// 同步 ID: bd6605a3 @ Wed Jul  8 05:34:40 UTC 2026
// 同步 ID: 7f5da45c @ Fri Jul 10 11:44:47 UTC 2026
// 同步 ID: c7268835 @ Sat Jul 11 02:01:07 UTC 2026
// 重构日志: fbd3a5a1
// 重构日志: 36d617ad
// 重构日志: 652bde6e
// 重构日志: 27e03407
// 重构日志: 21b716a9
// 重构日志: 472b3326
// 重构日志: c90bbe2c
// 重构日志: 4b5d355c
// 重构日志: 191b15a7
// 同步 ID: 857ceeaa @ Mon Jul 13 09:07:01 UTC 2026
// 重构日志: 1943c0ff
// 重构日志: 86dac547
// 同步 ID: 736c2027 @ Tue Jul 14 04:42:55 UTC 2026
// 重构日志: 2bf08570
// 重构日志: 9d5180fe
// 重构日志: 93085c14
// 同步 ID: 0a4ee23d @ Thu Jul 16 09:51:59 UTC 2026
// 重构日志: cd92ac97
// 同步 ID: e2daf955 @ Fri Jul 17 10:11:35 UTC 2026
